2020-08-13T07:14:45.561-0500 I  CONTROL  [main] Automatically disabling TLS 1.0, to force-enable TLS 1.0 specify --sslDisabledProtocols 'none'
2020-08-13T07:14:45.581-0500 I  CONTROL  [initandlisten] MongoDB starting : pid=10361 port=27017 dbpath=/srv/mongodb/db0 64-bit host=homepc
2020-08-13T07:14:45.581-0500 I  CONTROL  [initandlisten] db version v4.2.3
2020-08-13T07:14:45.581-0500 I  CONTROL  [initandlisten] git version: 6874650b362138df74be53d366bbefc321ea32d4
2020-08-13T07:14:45.582-0500 I  CONTROL  [initandlisten] OpenSSL version: OpenSSL 1.1.1  11 Sep 2018
2020-08-13T07:14:45.582-0500 I  CONTROL  [initandlisten] allocator: tcmalloc
2020-08-13T07:14:45.582-0500 I  CONTROL  [initandlisten] modules: none
2020-08-13T07:14:45.582-0500 I  CONTROL  [initandlisten] build environment:
2020-08-13T07:14:45.582-0500 I  CONTROL  [initandlisten]     distmod: ubuntu1804
2020-08-13T07:14:45.582-0500 I  CONTROL  [initandlisten]     distarch: x86_64
2020-08-13T07:14:45.582-0500 I  CONTROL  [initandlisten]     target_arch: x86_64
2020-08-13T07:14:45.582-0500 I  CONTROL  [initandlisten] options: { net: { bindIp: "localhost", port: 27017 }, storage: { dbPath: "/srv/mongodb/db0" } }
2020-08-13T07:14:45.585-0500 W  STORAGE  [initandlisten] Detected unclean shutdown - /srv/mongodb/db0/mongod.lock is not empty.
2020-08-13T07:14:45.587-0500 I  STORAGE  [initandlisten] Detected data files in /srv/mongodb/db0 created by the 'wiredTiger' storage engine, so setting the active storage engine to 'wiredTiger'.
2020-08-13T07:14:45.587-0500 W  STORAGE  [initandlisten] Recovering data from the last clean checkpoint.
2020-08-13T07:14:45.587-0500 I  STORAGE  [initandlisten] 
2020-08-13T07:14:45.587-0500 I  STORAGE  [initandlisten] ** WARNING: Using the XFS filesystem is strongly recommended with the WiredTiger storage engine
2020-08-13T07:14:45.587-0500 I  STORAGE  [initandlisten] **          See http://dochub.mongodb.org/core/prodnotes-filesystem
2020-08-13T07:14:45.587-0500 I  STORAGE  [initandlisten] wiredtiger_open config: create,cache_size=7441M,cache_overflow=(file_max=0M),session_max=33000,eviction=(threads_min=4,threads_max=4),config_base=false,statistics=(fast),log=(enabled=true,archive=true,path=journal,compressor=snappy),file_manager=(close_idle_time=100000,close_scan_interval=10,close_handle_minimum=250),statistics_log=(wait=0),verbose=[recovery_progress,checkpoint_progress],
2020-08-13T07:14:46.170-0500 I  STORAGE  [initandlisten] WiredTiger message [1597320886:170594][10361:0x7f967bfe0b00], txn-recover: Recovering log 10 through 11
2020-08-13T07:14:46.235-0500 I  STORAGE  [initandlisten] WiredTiger message [1597320886:235789][10361:0x7f967bfe0b00], txn-recover: Recovering log 11 through 11
2020-08-13T07:14:46.290-0500 I  STORAGE  [initandlisten] WiredTiger message [1597320886:290247][10361:0x7f967bfe0b00], txn-recover: Main recovery loop: starting at 10/130560 to 11/256
2020-08-13T07:14:46.291-0500 I  STORAGE  [initandlisten] WiredTiger message [1597320886:291537][10361:0x7f967bfe0b00], txn-recover: Recovering log 10 through 11
2020-08-13T07:14:46.338-0500 I  STORAGE  [initandlisten] WiredTiger message [1597320886:338779][10361:0x7f967bfe0b00], file:index-40--1874302073356234679.wt, txn-recover: Recovering log 11 through 11
2020-08-13T07:14:46.373-0500 I  STORAGE  [initandlisten] WiredTiger message [1597320886:372996][10361:0x7f967bfe0b00], file:index-40--1874302073356234679.wt, txn-recover: Set global recovery timestamp: (0, 0)
2020-08-13T07:14:46.505-0500 I  RECOVERY [initandlisten] WiredTiger recoveryTimestamp. Ts: Timestamp(0, 0)
2020-08-13T07:14:46.521-0500 I  STORAGE  [initandlisten] Timestamp monitor starting
2020-08-13T07:14:46.530-0500 I  CONTROL  [initandlisten] 
2020-08-13T07:14:46.530-0500 I  CONTROL  [initandlisten] ** WARNING: Access control is not enabled for the database.
2020-08-13T07:14:46.530-0500 I  CONTROL  [initandlisten] **          Read and write access to data and configuration is unrestricted.
2020-08-13T07:14:46.530-0500 I  CONTROL  [initandlisten] 
2020-08-13T07:14:46.575-0500 I  SHARDING [initandlisten] Marking collection local.system.replset as collection version: <unsharded>
2020-08-13T07:14:46.585-0500 I  STORAGE  [initandlisten] Flow Control is enabled on this deployment.
2020-08-13T07:14:46.587-0500 I  SHARDING [initandlisten] Marking collection admin.system.roles as collection version: <unsharded>
2020-08-13T07:14:46.588-0500 I  SHARDING [initandlisten] Marking collection admin.system.version as collection version: <unsharded>
2020-08-13T07:14:46.593-0500 I  SHARDING [initandlisten] Marking collection local.startup_log as collection version: <unsharded>
2020-08-13T07:14:46.593-0500 I  FTDC     [initandlisten] Initializing full-time diagnostic data capture with directory '/srv/mongodb/db0/diagnostic.data'
2020-08-13T07:14:46.595-0500 I  SHARDING [LogicalSessionCacheRefresh] Marking collection config.system.sessions as collection version: <unsharded>
2020-08-13T07:14:46.595-0500 I  NETWORK  [listener] Listening on /tmp/mongodb-27017.sock
2020-08-13T07:14:46.595-0500 I  NETWORK  [listener] Listening on 127.0.0.1
2020-08-13T07:14:46.595-0500 I  NETWORK  [listener] waiting for connections on port 27017
2020-08-13T07:14:46.596-0500 I  SHARDING [LogicalSessionCacheReap] Marking collection config.transactions as collection version: <unsharded>
2020-08-13T07:14:47.020-0500 I  FTDC     [ftdc] Unclean full-time diagnostic data capture shutdown detected, found interim file, some metrics may have been lost. OK
2020-08-13T07:14:47.069-0500 I  SHARDING [ftdc] Marking collection local.oplog.rs as collection version: <unsharded>
2020-08-13T07:14:53.220-0500 I  NETWORK  [listener] connection accepted from 127.0.0.1:55620 #1 (1 connection now open)
2020-08-13T07:14:53.239-0500 I  NETWORK  [conn1] received client metadata from 127.0.0.1:55620 conn1: { application: { name: "MongoDB Shell" }, driver: { name: "MongoDB Internal Client", version: "3.6.17" }, os: { type: "Linux", name: "Ubuntu", architecture: "x86_64", version: "18.04" } }
2020-08-13T07:15:03.790-0500 I  NETWORK  [conn1] end connection 127.0.0.1:55620 (0 connections now open)
2020-08-13T07:15:35.419-0500 I  NETWORK  [listener] connection accepted from 127.0.0.1:55638 #2 (1 connection now open)
2020-08-13T07:15:35.423-0500 I  NETWORK  [conn2] received client metadata from 127.0.0.1:55638 conn2: { driver: { name: "nodejs|Mongoose", version: "3.3.5|5.8.0" }, os: { type: "Linux", name: "linux", architecture: "x64", version: "5.4.0-42-generic" }, platform: "Node.js v14.8.0, LE" }
2020-08-13T07:15:35.428-0500 I  NETWORK  [conn2] end connection 127.0.0.1:55638 (0 connections now open)
